1000 2.503
4000 2.5112
7000 2.5269
10000 2.5151
13000 2.5036
16000 2.5371
19000 2.5002
22000 2.5308
25000 2.5159
28000 2.5455
31000 2.5258
34000 2.5197
37000 2.5163
40000 2.5186
43000 2.5107
46000 2.4872
49000 2.5357
52000 2.5312
55000 2.5156
58000 2.5422
61000 2.4961
64000 2.5116
67000 2.5119
70000 2.5344
73000 2.5344
76000 2.5425
79000 2.5216
82000 2.4998
85000 2.5028
88000 2.5345
91000 2.4913
94000 2.5421
97000 2.5504
100000 2.5455
103000 2.5392
106000 2.4848
109000 2.517
112000 2.5091
115000 2.5401
118000 2.5217
121000 2.5388
124000 2.5444
127000 2.5087
130000 2.5582
133000 2.5136
136000 2.5147
139000 2.5413
142000 2.5244
145000 2.5435
148000 2.5317
151000 2.5355
154000 2.5196
157000 2.5381
160000 2.4972
163000 2.5478
166000 2.5525
169000 2.4927
172000 2.5206
175000 2.533
178000 2.5177
181000 2.5304
184000 2.5412
187000 2.5694
190000 2.524
193000 2.5307
196000 2.5057
199000 2.5443
202000 2.5335
205000 2.513
208000 2.5445
211000 2.5004
214000 2.5268
217000 2.5151
220000 2.5248
223000 2.5469
226000 2.5429
229000 2.5282
232000 2.5407
235000 2.5318
238000 2.5324
241000 2.5699
244000 2.5517
247000 2.5558
250000 2.5332
253000 2.5377
256000 2.5104
259000 2.544
262000 2.5219
265000 2.5845
268000 2.5583
271000 2.5312
274000 2.5209
277000 2.5484
280000 2.5277
283000 2.5695
286000 2.5083
289000 2.5445
292000 2.5139
295000 2.5504
298000 2.5505
301000 2.5247
304000 2.5555
307000 2.5379
310000 2.5509
313000 2.5182
316000 2.5604
319000 2.5291
322000 2.5394
325000 2.5458
328000 2.5231
331000 2.5519
334000 2.5174
337000 2.5779
340000 2.5456
343000 2.5707
346000 2.5468
349000 2.5493
352000 2.5302
355000 2.5416
358000 2.5436
361000 2.5522
364000 2.5259
367000 2.5565
370000 2.5053
373000 2.5399
376000 2.5544
379000 2.5276
382000 2.5562
385000 2.5268
388000 2.5454
391000 2.5522
394000 2.5158
397000 2.552
400000 2.573
403000 2.5301
406000 2.5294
409000 2.5342
412000 2.5294
415000 2.5712
418000 2.6174
421000 2.5737
424000 2.5143
427000 2.5402
430000 2.5687
433000 2.4983
436000 2.5218
439000 2.5805
442000 2.5559
445000 2.539
448000 2.545
451000 2.5272
454000 2.552
457000 2.564
460000 2.5289
463000 2.5259
466000 2.543
469000 2.5248
472000 2.5526
475000 2.5593
478000 2.54
481000 2.5405
484000 2.499
487000 2.5056
490000 2.534
493000 2.5523
496000 2.5382
499000 2.5434
502000 2.5504
505000 2.5485
508000 2.5365
511000 2.5443
514000 2.5683
517000 2.5361
520000 2.5342
523000 2.5253
526000 2.5383
529000 2.5485
532000 2.5114
535000 2.5477
538000 2.5178
541000 2.5412
544000 2.5826
547000 2.5197
550000 2.5479
553000 2.5319
556000 2.5187
559000 2.6519
562000 2.5419
565000 2.5589
568000 2.5614
571000 2.5531
574000 2.5269
577000 2.5697
580000 2.524
583000 2.5569
586000 2.5329
589000 2.5359
592000 2.5365
595000 2.5246
598000 2.5375
601000 2.5032
604000 2.5589
607000 2.5622
610000 2.5514
613000 2.5337
616000 2.5679
619000 2.5366
622000 2.6009
625000 2.5263
628000 2.5511
631000 2.5293
634000 2.5382
637000 2.5421
640000 2.5435
643000 2.5603
646000 2.524
649000 2.5376
652000 2.5429
655000 2.544
658000 2.5372
661000 2.5441
664000 2.5244
667000 2.5297
670000 2.523
673000 2.5357
676000 2.5499
679000 2.5221
682000 2.5737
685000 2.5656
688000 2.533
691000 2.5027
694000 2.575
697000 2.5236
700000 2.5424
703000 2.5365
706000 2.534
709000 2.509
712000 2.5618
715000 2.52
718000 2.5412
721000 2.5313
724000 2.5237
727000 2.5624
730000 2.5328
733000 2.5258
736000 2.5751
739000 2.5659
742000 2.5426
745000 2.5502
748000 2.5297
751000 2.5935
754000 2.5638
757000 2.5207
760000 2.5325
763000 2.5234
766000 2.5325
769000 2.5695
772000 2.5281
775000 2.6148
778000 2.5683
781000 2.5051
784000 2.5324
787000 2.5731
790000 2.5122
793000 2.5008
796000 2.5297
799000 2.5139
802000 2.5746
805000 2.5552
808000 2.55
811000 2.5607
814000 2.5772
817000 2.5268
820000 2.57
823000 2.5482
826000 2.6269
829000 2.512
832000 2.5423
835000 2.5284
838000 2.5487
841000 2.6027
844000 2.5584
847000 2.5524
850000 2.5529
853000 2.5552
856000 2.538
859000 2.5703
862000 2.5757
865000 2.5178
868000 2.6046
871000 2.5201
874000 2.5327
877000 2.5578
880000 2.5581
883000 2.5442
886000 2.5436
889000 2.5249
892000 2.5656
895000 2.5137
898000 2.5313
901000 2.5313
904000 2.5541
907000 2.537
910000 2.5503
913000 2.5559
916000 2.5767
919000 2.5182
922000 2.5148
925000 2.5654
928000 2.5445
931000 2.5194
934000 2.5225
937000 2.5596
940000 2.5171
943000 2.5197
946000 2.5341
949000 2.5346
952000 2.5339
955000 2.6149
958000 2.5257
961000 2.5332
964000 2.5396
967000 2.5393
970000 2.5182
973000 2.545
976000 2.5147
979000 2.5223
982000 2.5261
985000 2.549
988000 2.5398
991000 2.5511
994000 2.5351
997000 2.5757
1000000 2.5252
