1000 11.4352
4000 14.3136
7000 15.4819
10000 16.2269
13000 16.7776
16000 17.2097
19000 17.5709
22000 17.8796
25000 18.1454
28000 18.3838
31000 18.5986
34000 18.792
37000 18.9674
40000 19.1317
43000 19.2836
46000 19.4283
49000 19.5563
52000 19.6818
55000 19.7994
58000 19.9103
61000 20.0154
64000 20.1183
67000 20.211
70000 20.3039
73000 20.3927
76000 20.4745
79000 20.5563
82000 20.6353
85000 20.7111
88000 20.7838
91000 20.8553
94000 20.9198
97000 20.9873
100000 21.0518
103000 21.1179
106000 21.1783
109000 21.2358
112000 21.2904
115000 21.3457
118000 21.4045
121000 21.458
124000 21.5082
127000 21.5545
130000 21.603
133000 21.6523
136000 21.7028
139000 21.7465
142000 21.7903
145000 21.8307
148000 21.8778
151000 21.9201
154000 21.962
157000 22.0002
160000 22.0414
163000 22.0804
166000 22.1142
169000 22.1558
172000 22.1923
175000 22.2255
178000 22.268
181000 22.2986
184000 22.3332
187000 22.369
190000 22.3995
193000 22.4336
196000 22.4644
199000 22.4997
202000 22.5462
205000 22.5713
208000 22.6032
211000 22.6338
214000 22.6626
217000 22.6913
220000 22.724
223000 22.7489
226000 22.7727
229000 22.8037
232000 22.833
235000 22.862
238000 22.8819
241000 22.9136
244000 22.9393
247000 22.9613
250000 22.9916
253000 23.0179
256000 23.0369
259000 23.0645
262000 23.0889
265000 23.1186
268000 23.1347
271000 23.1624
274000 23.1782
277000 23.206
280000 23.2227
283000 23.2516
286000 23.2671
289000 23.2947
292000 23.3136
295000 23.3288
298000 23.3551
301000 23.38
304000 23.4034
307000 23.4205
310000 23.4392
313000 23.4553
316000 23.4803
319000 23.5007
322000 23.5193
325000 23.537
328000 23.5584
331000 23.5755
334000 23.5942
337000 23.6122
340000 23.6312
343000 23.6502
346000 23.6712
349000 23.6939
352000 23.709
355000 23.725
358000 23.7448
361000 23.7577
364000 23.781
367000 23.7914
370000 23.8104
373000 23.8328
376000 23.8449
379000 23.8631
382000 23.8753
385000 23.8937
388000 23.9117
391000 23.9265
394000 23.9412
397000 23.9634
400000 23.9728
403000 23.9875
406000 24.0061
409000 24.0215
412000 24.0328
415000 24.0523
418000 24.0672
421000 24.0803
424000 24.0974
427000 24.1117
430000 24.1285
433000 24.1402
436000 24.1527
439000 24.1706
442000 24.1841
445000 24.1964
448000 24.2109
451000 24.2276
454000 24.2414
457000 24.2509
460000 24.2657
463000 24.2823
466000 24.2934
469000 24.3086
472000 24.3237
475000 24.3387
478000 24.3466
481000 24.3616
484000 24.375
487000 24.3893
490000 24.3991
493000 24.4126
496000 24.4255
499000 24.4393
502000 24.4819
505000 24.4859
508000 24.506
511000 24.5166
514000 24.5292
517000 24.5359
520000 24.5462
523000 24.5621
526000 24.5757
529000 24.5858
532000 24.5946
535000 24.6138
538000 24.6281
541000 24.6378
544000 24.653
547000 24.6577
550000 24.6696
553000 24.677
556000 24.6899
559000 24.7049
562000 24.717
565000 24.7311
568000 24.7342
571000 24.7492
574000 24.7561
577000 24.7734
580000 24.7781
583000 24.7881
586000 24.803
589000 24.8154
592000 24.8182
595000 24.8276
598000 24.8504
601000 24.857
604000 24.8633
607000 24.8729
610000 24.8859
613000 24.9023
616000 24.9065
619000 24.9151
622000 24.9273
625000 24.9357
628000 24.9506
631000 24.9589
634000 24.9697
637000 24.978
640000 24.9869
643000 24.994
646000 25.0086
649000 25.0207
652000 25.023
655000 25.0383
658000 25.0496
661000 25.0506
664000 25.0636
667000 25.0744
670000 25.0761
673000 25.0946
676000 25.0997
679000 25.1083
682000 25.117
685000 25.1285
688000 25.1349
691000 25.1483
694000 25.1573
697000 25.1583
700000 25.1793
703000 25.1861
706000 25.1915
709000 25.2
712000 25.2179
715000 25.2203
718000 25.2322
721000 25.234
724000 25.2497
727000 25.2535
730000 25.2618
733000 25.2712
736000 25.277
739000 25.2886
742000 25.296
745000 25.3041
748000 25.3153
751000 25.3243
754000 25.3363
757000 25.3341
760000 25.3474
763000 25.3564
766000 25.3593
769000 25.3661
772000 25.3762
775000 25.3878
778000 25.3922
781000 25.404
784000 25.4135
787000 25.4246
790000 25.4293
793000 25.4331
796000 25.4453
799000 25.4513
802000 25.4613
805000 25.4625
808000 25.4724
811000 25.4912
814000 25.4898
817000 25.4965
820000 25.5029
823000 25.5134
826000 25.5163
829000 25.523
832000 25.5341
835000 25.5395
838000 25.5509
841000 25.5601
844000 25.5647
847000 25.5723
850000 25.5814
853000 25.5854
856000 25.5943
859000 25.5987
862000 25.6108
865000 25.6151
868000 25.6226
871000 25.626
874000 25.6344
877000 25.6467
880000 25.6586
883000 25.6595
886000 25.6699
889000 25.6726
892000 25.6837
895000 25.6888
898000 25.6959
901000 25.708
904000 25.7094
907000 25.7145
910000 25.7285
913000 25.7287
916000 25.7398
919000 25.744
922000 25.7487
925000 25.7528
928000 25.7646
931000 25.7708
934000 25.78
937000 25.7897
940000 25.7941
943000 25.798
946000 25.8076
949000 25.8182
952000 25.818
955000 25.8228
958000 25.8317
961000 25.837
964000 25.8423
967000 25.8541
970000 25.8579
973000 25.8626
976000 25.8707
979000 25.8789
982000 25.8844
985000 25.8891
988000 25.896
991000 25.9046
994000 25.9084
997000 25.9145
1000000 25.9236
