1000 11.0053
4000 13.75
7000 14.8683
10000 15.5822
13000 15.5864
16000 15.5855
19000 15.5976
22000 15.6004
25000 15.601
28000 15.6076
31000 15.6155
34000 15.6136
37000 15.6144
40000 15.6186
43000 15.6253
46000 15.6289
49000 15.6262
52000 15.6322
55000 15.6294
58000 15.6365
61000 15.631
64000 15.6416
67000 15.6361
70000 15.64
73000 15.6459
76000 15.6456
79000 15.6499
82000 15.6511
85000 15.6524
88000 15.6543
91000 15.6521
94000 15.6625
97000 15.6631
100000 15.657
103000 15.6732
106000 15.667
109000 15.6711
112000 15.6664
115000 15.678
118000 15.6734
121000 15.6719
124000 15.6783
127000 15.6849
130000 15.6893
133000 15.6886
136000 15.6851
139000 15.6941
142000 15.6893
145000 15.7002
148000 15.6876
151000 15.6998
154000 15.7029
157000 15.7034
160000 15.7031
163000 15.7059
166000 15.7061
169000 15.709
172000 15.7105
175000 15.7106
178000 15.7146
181000 15.7087
184000 15.7149
187000 15.7248
190000 15.7143
193000 15.7328
196000 15.7214
199000 15.7265
202000 15.7321
205000 15.7268
208000 15.736
211000 15.7351
214000 15.7369
217000 15.7423
220000 15.7402
223000 15.7452
226000 15.7463
229000 15.7515
232000 15.7555
235000 15.756
238000 15.7519
241000 15.7526
244000 15.7605
247000 15.7585
250000 15.7605
253000 15.7555
256000 15.7506
259000 15.7663
262000 15.7564
265000 15.771
268000 15.7821
271000 15.7672
274000 15.7842
277000 15.7854
280000 15.7716
283000 15.7737
286000 15.794
289000 15.7859
292000 15.7791
295000 15.7752
298000 15.8013
301000 15.7787
304000 15.7903
307000 15.7948
310000 15.7946
313000 15.7888
316000 15.7905
319000 15.8116
322000 15.8002
325000 15.7962
328000 15.8083
331000 15.819
334000 15.8166
337000 15.8251
340000 15.8047
343000 15.814
346000 15.8288
349000 15.8211
352000 15.8428
355000 15.8296
358000 15.8197
361000 15.8293
364000 15.8314
367000 15.8215
370000 15.8371
373000 15.8328
376000 15.8361
379000 15.8269
382000 15.8209
385000 15.8295
388000 15.8251
391000 15.8318
394000 15.8337
397000 15.8406
400000 15.8449
403000 15.8646
406000 15.8599
409000 15.8467
412000 15.8568
415000 15.863
418000 15.8599
421000 15.8489
424000 15.8489
427000 15.8598
430000 15.8447
433000 15.8816
436000 15.8747
439000 15.8559
442000 15.8763
445000 15.8538
448000 15.8868
451000 15.8762
454000 15.86
457000 15.8613
460000 15.8786
463000 15.9021
466000 15.9011
469000 15.8833
472000 15.8889
475000 15.8975
478000 15.899
481000 15.8841
484000 15.885
487000 15.8941
490000 15.8956
493000 15.8722
496000 15.9027
499000 15.9097
502000 15.9192
505000 15.8937
508000 15.907
511000 15.9037
514000 15.9102
517000 15.8917
520000 15.9251
523000 15.9052
526000 15.8959
529000 15.9246
532000 15.9157
535000 15.9425
538000 15.9193
541000 15.9243
544000 15.9413
547000 15.9215
550000 15.9178
553000 15.9104
556000 15.9248
559000 15.9229
562000 15.9445
565000 15.95
568000 15.9506
571000 15.9127
574000 15.9496
577000 15.9175
580000 15.9465
583000 15.9182
586000 15.9371
589000 15.9433
592000 15.9589
595000 15.9547
598000 15.9533
601000 15.9641
604000 15.9575
607000 15.9485
610000 15.9873
613000 15.9651
616000 15.9518
619000 15.9532
622000 15.995
625000 15.9516
628000 15.9942
631000 15.9669
634000 15.9999
637000 15.9624
640000 15.9788
643000 16.003
646000 15.997
649000 16.0096
652000 15.9516
655000 15.9846
658000 15.9778
661000 15.9678
664000 16.0086
667000 15.9834
670000 15.9889
673000 16.0292
676000 16.0051
679000 15.9991
682000 16.0248
685000 16.0114
688000 16.017
691000 15.9956
694000 16.025
697000 16.0109
700000 16.0065
703000 16.0516
706000 15.9909
709000 15.9963
712000 16.0174
715000 16.0452
718000 16.0693
721000 16.0036
724000 16.0245
727000 16.0321
730000 16.0494
733000 16.0444
736000 16.0414
739000 16.0123
742000 16.0302
745000 16.0333
748000 16.0391
751000 16.0327
754000 16.0101
757000 16.0055
760000 16.0405
763000 16.0645
766000 16.0414
769000 16.0909
772000 16.0388
775000 16.076
778000 16.0389
781000 16.047
784000 16.0325
787000 16.0601
790000 16.0546
793000 16.0225
796000 16.0474
799000 16.0262
802000 16.0868
805000 16.0772
808000 16.0511
811000 16.046
814000 16.0208
817000 16.0471
820000 16.0608
823000 16.0778
826000 16.0906
829000 16.0547
832000 16.0928
835000 16.0732
838000 16.0523
841000 16.0902
844000 16.0771
847000 16.0814
850000 16.0607
853000 16.0823
856000 16.0933
859000 16.0961
862000 16.0986
865000 16.0929
868000 16.0992
871000 16.1487
874000 16.1114
877000 16.1016
880000 16.0958
883000 16.0912
886000 16.0993
889000 16.1297
892000 16.1187
895000 16.1128
898000 16.1317
901000 16.0961
904000 16.1822
907000 16.1175
910000 16.1136
913000 16.1261
916000 16.1329
919000 16.1642
922000 16.1039
925000 16.1617
928000 16.1198
931000 16.1097
934000 16.1008
937000 16.1552
940000 16.1056
943000 16.1338
946000 16.1704
949000 16.1653
952000 16.1643
955000 16.1233
958000 16.1717
961000 16.1425
964000 16.1685
967000 16.2051
970000 16.2393
973000 16.1443
976000 16.1312
979000 16.182
982000 16.1657
985000 16.1576
988000 16.115
991000 16.1625
994000 16.1481
997000 16.1291
1000000 16.1123
