1000 11.4352
4000 14.3136
7000 15.4819
10000 16.2269
13000 16.7776
16000 17.2097
19000 17.5709
22000 17.8796
25000 18.1454
28000 18.3838
31000 18.5986
34000 18.792
37000 18.9674
40000 19.1317
43000 19.2836
46000 19.4283
49000 19.5563
52000 19.6818
55000 19.7994
58000 19.9103
61000 20.0154
64000 20.1183
67000 20.211
70000 20.3039
73000 20.3927
76000 20.4745
79000 20.5563
82000 20.6353
85000 20.7111
88000 20.7838
91000 20.8553
94000 20.9198
97000 20.9873
100000 21.0518
103000 21.0542
106000 21.0611
109000 21.0579
112000 21.0644
115000 21.0655
118000 21.0693
121000 21.0697
124000 21.0759
127000 21.0766
130000 21.0801
133000 21.0783
136000 21.0811
139000 21.0877
142000 21.0848
145000 21.0867
148000 21.0908
151000 21.0946
154000 21.0929
157000 21.0912
160000 21.0981
163000 21.0948
166000 21.0991
169000 21.0968
172000 21.1016
175000 21.1026
178000 21.1084
181000 21.1076
184000 21.1121
187000 21.106
190000 21.1086
193000 21.1138
196000 21.1126
199000 21.1154
202000 21.1152
205000 21.1143
208000 21.118
211000 21.1227
214000 21.1248
217000 21.1248
220000 21.1296
223000 21.1302
226000 21.1262
229000 21.1304
232000 21.1254
235000 21.132
238000 21.1337
241000 21.1361
244000 21.1354
247000 21.1317
250000 21.1386
253000 21.1382
256000 21.1371
259000 21.1399
262000 21.1411
265000 21.1407
268000 21.143
271000 21.1425
274000 21.1444
277000 21.1468
280000 21.1433
283000 21.1426
286000 21.1494
289000 21.1491
292000 21.1501
295000 21.1523
298000 21.1516
301000 21.1511
304000 21.1546
307000 21.1597
310000 21.1567
313000 21.1582
316000 21.161
319000 21.1555
322000 21.1587
325000 21.1633
328000 21.1568
331000 21.168
334000 21.1654
337000 21.1662
340000 21.1654
343000 21.1651
346000 21.1647
349000 21.1675
352000 21.1674
355000 21.1674
358000 21.1698
361000 21.1689
364000 21.1737
367000 21.1712
370000 21.1721
373000 21.174
376000 21.1738
379000 21.1742
382000 21.1785
385000 21.176
388000 21.1798
391000 21.1768
394000 21.1756
397000 21.1816
400000 21.1804
403000 21.1783
406000 21.1795
409000 21.1815
412000 21.1847
415000 21.1839
418000 21.1828
421000 21.1867
424000 21.1862
427000 21.1893
430000 21.191
433000 21.189
436000 21.1869
439000 21.1882
442000 21.193
445000 21.188
448000 21.192
451000 21.192
454000 21.1926
457000 21.1911
460000 21.1926
463000 21.1947
466000 21.196
469000 21.1961
472000 21.1946
475000 21.1921
478000 21.2006
481000 21.1957
484000 21.1968
487000 21.1952
490000 21.2015
493000 21.1979
496000 21.1975
499000 21.1989
502000 21.2059
505000 21.2033
508000 21.2061
511000 21.2033
514000 21.2014
517000 21.2074
520000 21.2067
523000 21.2077
526000 21.2015
529000 21.2106
532000 21.2082
535000 21.208
538000 21.2051
541000 21.2113
544000 21.2098
547000 21.2078
550000 21.2143
553000 21.2105
556000 21.2128
559000 21.213
562000 21.2173
565000 21.217
568000 21.216
571000 21.2177
574000 21.2183
577000 21.214
580000 21.2186
583000 21.2204
586000 21.2202
589000 21.2136
592000 21.217
595000 21.219
598000 21.2171
601000 21.2196
604000 21.2193
607000 21.2188
610000 21.2235
613000 21.2218
616000 21.2197
619000 21.2225
622000 21.227
625000 21.228
628000 21.2264
631000 21.231
634000 21.2254
637000 21.2315
640000 21.2275
643000 21.2273
646000 21.2268
649000 21.2286
652000 21.2287
655000 21.2308
658000 21.2312
661000 21.2296
664000 21.2263
667000 21.2252
670000 21.23
673000 21.2354
676000 21.2317
679000 21.2306
682000 21.2326
685000 21.2327
688000 21.2381
691000 21.234
694000 21.2376
697000 21.2382
700000 21.2393
703000 21.2319
706000 21.2343
709000 21.2436
712000 21.2434
715000 21.2375
718000 21.2402
721000 21.2379
724000 21.2445
727000 21.2392
730000 21.2443
733000 21.2408
736000 21.2434
739000 21.245
742000 21.243
745000 21.2403
748000 21.2458
751000 21.2458
754000 21.2455
757000 21.2429
760000 21.2476
763000 21.249
766000 21.252
769000 21.2412
772000 21.2464
775000 21.2456
778000 21.2452
781000 21.2462
784000 21.2477
787000 21.2464
790000 21.2483
793000 21.2506
796000 21.2542
799000 21.2539
802000 21.2471
805000 21.2541
808000 21.2515
811000 21.2487
814000 21.2527
817000 21.2482
820000 21.2551
823000 21.2544
826000 21.2511
829000 21.2543
832000 21.2572
835000 21.2544
838000 21.2583
841000 21.2513
844000 21.256
847000 21.2586
850000 21.2578
853000 21.2555
856000 21.2601
859000 21.2604
862000 21.2601
865000 21.2616
868000 21.2598
871000 21.2633
874000 21.261
877000 21.2592
880000 21.2611
883000 21.2609
886000 21.2588
889000 21.2589
892000 21.261
895000 21.2638
898000 21.2586
901000 21.2621
904000 21.2673
907000 21.2677
910000 21.2625
913000 21.266
916000 21.2609
919000 21.2657
922000 21.2644
925000 21.262
928000 21.2678
931000 21.2702
934000 21.2694
937000 21.2712
940000 21.2675
943000 21.2693
946000 21.2645
949000 21.2672
952000 21.2712
955000 21.2741
958000 21.2684
961000 21.2712
964000 21.2737
967000 21.2728
970000 21.272
973000 21.2671
976000 21.2776
979000 21.2724
982000 21.2719
985000 21.275
988000 21.2706
991000 21.2751
994000 21.2731
997000 21.2776
1000000 21.2709
