1000 11.0053
4000 13.75
7000 14.8683
10000 15.5822
13000 16.1093
16000 16.5176
19000 16.8643
22000 17.1594
25000 17.4106
28000 17.6396
31000 17.843
34000 18.0277
37000 18.1973
40000 18.3539
43000 18.4964
46000 18.6355
49000 18.7602
52000 18.8794
55000 18.9905
58000 19.0964
61000 19.1967
64000 19.2971
67000 19.3828
70000 19.473
73000 19.5576
76000 19.6372
79000 19.7137
82000 19.7882
85000 19.8614
88000 19.9313
91000 19.9976
94000 20.0614
97000 20.1255
100000 20.2053
103000 20.2694
106000 20.3266
109000 20.3836
112000 20.4368
115000 20.4906
118000 20.544
121000 20.5935
124000 20.6416
127000 20.6858
130000 20.7342
133000 20.7802
136000 20.8246
139000 20.8725
142000 20.9132
145000 20.9559
148000 20.9981
151000 21.039
154000 21.0771
157000 21.1135
160000 21.153
163000 21.1896
166000 21.2211
169000 21.2638
172000 21.2975
175000 21.3273
178000 21.3697
181000 21.398
184000 21.436
187000 21.4675
190000 21.4936
193000 21.5301
196000 21.5584
199000 21.5931
202000 21.7248
205000 21.7525
208000 21.7871
211000 21.805
214000 21.8485
217000 21.866
220000 21.8959
223000 21.9088
226000 21.9465
229000 21.9716
232000 21.997
235000 22.035
238000 22.0498
241000 22.0765
244000 22.0961
247000 22.1224
250000 22.1491
253000 22.172
256000 22.2015
259000 22.2267
262000 22.2453
265000 22.2747
268000 22.2885
271000 22.3204
274000 22.3209
277000 22.3586
280000 22.378
283000 22.3994
286000 22.4215
289000 22.4405
292000 22.4585
295000 22.4749
298000 22.51
301000 22.5363
304000 22.5587
307000 22.5656
310000 22.575
313000 22.6087
316000 22.6205
319000 22.6388
322000 22.655
325000 22.6769
328000 22.7045
331000 22.708
334000 22.7408
337000 22.749
340000 22.7602
343000 22.7942
346000 22.807
349000 22.8337
352000 22.8474
355000 22.8585
358000 22.8775
361000 22.892
364000 22.9127
367000 22.9246
370000 22.9384
373000 22.9554
376000 22.9752
379000 22.9846
382000 23.0084
385000 23.0265
388000 23.0362
391000 23.0489
394000 23.0568
397000 23.0862
400000 23.0961
403000 23.1087
406000 23.1251
409000 23.138
412000 23.15
415000 23.1713
418000 23.1883
421000 23.2019
424000 23.2118
427000 23.2283
430000 23.243
433000 23.2556
436000 23.2694
439000 23.2843
442000 23.3123
445000 23.3154
448000 23.3207
451000 23.3353
454000 23.3575
457000 23.3637
460000 23.3794
463000 23.4015
466000 23.4006
469000 23.4248
472000 23.4279
475000 23.4471
478000 23.4486
481000 23.4707
484000 23.4825
487000 23.4944
490000 23.508
493000 23.512
496000 23.5262
499000 23.5455
502000 23.7661
505000 23.8035
508000 23.8138
511000 23.8122
514000 23.8199
517000 23.84
520000 23.8316
523000 23.8498
526000 23.8862
529000 23.8882
532000 23.9064
535000 23.9
538000 23.9165
541000 23.9199
544000 23.9494
547000 23.9496
550000 23.9669
553000 23.9989
556000 23.9883
559000 23.9828
562000 24.0139
565000 24.0237
568000 24.0532
571000 24.0483
574000 24.0541
577000 24.0669
580000 24.0763
583000 24.0642
586000 24.101
589000 24.1139
592000 24.1191
595000 24.116
598000 24.1216
601000 24.1424
604000 24.158
607000 24.183
610000 24.1962
613000 24.1908
616000 24.1645
619000 24.2353
622000 24.2347
625000 24.2255
628000 24.2171
631000 24.2474
634000 24.2553
637000 24.2763
640000 24.2706
643000 24.3049
646000 24.3134
649000 24.2885
652000 24.299
655000 24.3168
658000 24.3407
661000 24.3489
664000 24.351
667000 24.3632
670000 24.3732
673000 24.367
676000 24.3839
679000 24.4153
682000 24.3762
685000 24.422
688000 24.4215
691000 24.4421
694000 24.4466
697000 24.4407
700000 24.491
703000 24.4619
706000 24.502
709000 24.5043
712000 24.486
715000 24.5064
718000 24.502
721000 24.5044
724000 24.4979
727000 24.5209
730000 24.5405
733000 24.5779
736000 24.5569
739000 24.5724
742000 24.5775
745000 24.559
748000 24.5923
751000 24.5981
754000 24.6153
757000 24.6097
760000 24.6135
763000 24.6408
766000 24.6289
769000 24.6379
772000 24.6339
775000 24.6593
778000 24.6774
781000 24.7024
784000 24.6988
787000 24.7061
790000 24.6925
793000 24.724
796000 24.7289
799000 24.7254
802000 24.7399
805000 24.7378
808000 24.7558
811000 24.7751
814000 24.7558
817000 24.7771
820000 24.7873
823000 24.7865
826000 24.7922
829000 24.7952
832000 24.8263
835000 24.8231
838000 24.8167
841000 24.8238
844000 24.8382
847000 24.8358
850000 24.8659
853000 24.8649
856000 24.8701
859000 24.8811
862000 24.8906
865000 24.9132
868000 24.9104
871000 24.9079
874000 24.9044
877000 24.9233
880000 24.9311
883000 24.9355
886000 24.9339
889000 24.9259
892000 24.9453
895000 24.9521
898000 24.9718
901000 24.9881
904000 24.9542
907000 25.0164
910000 24.9881
913000 24.9811
916000 25.0388
919000 25.0029
922000 25.0053
925000 25.0162
928000 25.0621
931000 25.0479
934000 25.0441
937000 25.0563
940000 25.0669
943000 25.0887
946000 25.075
949000 25.092
952000 25.0767
955000 25.1163
958000 25.1082
961000 25.1268
964000 25.105
967000 25.1263
970000 25.1184
973000 25.1328
976000 25.1288
979000 25.1654
982000 25.1638
985000 25.1355
988000 25.1796
991000 25.198
994000 25.1771
997000 25.1824
1000000 25.216
