1000 11.4352
4000 11.4368
7000 11.4588
10000 11.454
13000 11.478
16000 11.4767
19000 11.4746
22000 11.4772
25000 11.4819
28000 11.4756
31000 11.4981
34000 11.4951
37000 11.4971
40000 11.4891
43000 11.4914
46000 11.5031
49000 11.5025
52000 11.5012
55000 11.5212
58000 11.4983
61000 11.5144
64000 11.5024
67000 11.5242
70000 11.4978
73000 11.5202
76000 11.519
79000 11.5178
82000 11.533
85000 11.5123
88000 11.5115
91000 11.5074
94000 11.5162
97000 11.5231
100000 11.5124
103000 11.5187
106000 11.5341
109000 11.5276
112000 11.5201
115000 11.5311
118000 11.5363
121000 11.5338
124000 11.5239
127000 11.5191
130000 11.5304
133000 11.5178
136000 11.5246
139000 11.5425
142000 11.5191
145000 11.5414
148000 11.5343
151000 11.5404
154000 11.5423
157000 11.5459
160000 11.5488
163000 11.5284
166000 11.5364
169000 11.5519
172000 11.5378
175000 11.5445
178000 11.5427
181000 11.5418
184000 11.5457
187000 11.5307
190000 11.5268
193000 11.521
196000 11.5362
199000 11.5476
202000 11.5455
205000 11.5601
208000 11.5423
211000 11.5527
214000 11.5394
217000 11.5336
220000 11.5414
223000 11.5477
226000 11.5428
229000 11.5464
232000 11.5448
235000 11.5349
238000 11.5395
241000 11.5554
244000 11.541
247000 11.5483
250000 11.54
253000 11.541
256000 11.5541
259000 11.5679
262000 11.546
265000 11.5236
268000 11.5583
271000 11.5594
274000 11.5517
277000 11.5403
280000 11.5377
283000 11.5259
286000 11.5476
289000 11.5485
292000 11.543
295000 11.5413
298000 11.5618
301000 11.5531
304000 11.5425
307000 11.5451
310000 11.5574
313000 11.5396
316000 11.5578
319000 11.5366
322000 11.558
325000 11.5468
328000 11.5476
331000 11.5529
334000 11.5531
337000 11.5573
340000 11.5413
343000 11.5418
346000 11.5683
349000 11.5614
352000 11.5537
355000 11.5594
358000 11.5538
361000 11.5439
364000 11.5529
367000 11.5655
370000 11.5443
373000 11.5381
376000 11.5613
379000 11.561
382000 11.5595
385000 11.564
388000 11.5698
391000 11.5558
394000 11.5451
397000 11.541
400000 11.5524
403000 11.5526
406000 11.5596
409000 11.5576
412000 11.5723
415000 11.5563
418000 11.5662
421000 11.5664
424000 11.5825
427000 11.5613
430000 11.568
433000 11.5883
436000 11.569
439000 11.5534
442000 11.5629
445000 11.5599
448000 11.5786
451000 11.5671
454000 11.5684
457000 11.5676
460000 11.5767
463000 11.5767
466000 11.5488
469000 11.5613
472000 11.5669
475000 11.5626
478000 11.5602
481000 11.5595
484000 11.5624
487000 11.563
490000 11.5722
493000 11.5643
496000 11.5626
499000 11.5739
502000 11.5787
505000 11.551
508000 11.5682
511000 11.5534
514000 11.5691
517000 11.5773
520000 11.5663
523000 11.5622
526000 11.5587
529000 11.5738
532000 11.5756
535000 11.5694
538000 11.5795
541000 11.5447
544000 11.586
547000 11.5677
550000 11.5593
553000 11.5615
556000 11.5779
559000 11.5746
562000 11.55
565000 11.5593
568000 11.5732
571000 11.5777
574000 11.5541
577000 11.5602
580000 11.5721
583000 11.5762
586000 11.5676
589000 11.5633
592000 11.5887
595000 11.5834
598000 11.5691
601000 11.5692
604000 11.5589
607000 11.5912
610000 11.5647
613000 11.5759
616000 11.5718
619000 11.5826
622000 11.5696
625000 11.5832
628000 11.5851
631000 11.5874
634000 11.5679
637000 11.5663
640000 11.5691
643000 11.5822
646000 11.5795
649000 11.6032
652000 11.5583
655000 11.5713
658000 11.5867
661000 11.5811
664000 11.5718
667000 11.5507
670000 11.574
673000 11.5539
676000 11.5754
679000 11.5784
682000 11.5718
685000 11.5703
688000 11.5766
691000 11.5777
694000 11.578
697000 11.5724
700000 11.5617
703000 11.5875
706000 11.5759
709000 11.573
712000 11.5844
715000 11.5777
718000 11.5761
721000 11.5824
724000 11.583
727000 11.5775
730000 11.585
733000 11.5838
736000 11.5855
739000 11.5839
742000 11.6027
745000 11.5937
748000 11.5902
751000 11.5807
754000 11.5876
757000 11.5862
760000 11.5769
763000 11.5786
766000 11.5922
769000 11.5895
772000 11.5839
775000 11.5746
778000 11.5752
781000 11.581
784000 11.5781
787000 11.5529
790000 11.5736
793000 11.5898
796000 11.5654
799000 11.5793
802000 11.5798
805000 11.5898
808000 11.5909
811000 11.5809
814000 11.5764
817000 11.5742
820000 11.6034
823000 11.6181
826000 11.5707
829000 11.5906
832000 11.5785
835000 11.5866
838000 11.5824
841000 11.581
844000 11.5942
847000 11.6048
850000 11.5814
853000 11.5989
856000 11.5704
859000 11.5758
862000 11.6391
865000 11.5789
868000 11.5971
871000 11.5925
874000 11.5841
877000 11.5645
880000 11.5784
883000 11.5985
886000 11.5756
889000 11.5676
892000 11.5697
895000 11.5955
898000 11.5806
901000 11.58
904000 11.5936
907000 11.5785
910000 11.5688
913000 11.5818
916000 11.5922
919000 11.5697
922000 11.5782
925000 11.5833
928000 11.5754
931000 11.5977
934000 11.5946
937000 11.595
940000 11.5969
943000 11.5874
946000 11.5868
949000 11.573
952000 11.586
955000 11.5781
958000 11.5851
961000 11.5805
964000 11.5738
967000 11.5765
970000 11.593
973000 11.5999
976000 11.5945
979000 11.5907
982000 11.5936
985000 11.5843
988000 11.6155
991000 11.608
994000 11.5746
997000 11.5998
1000000 11.5956
