1000 6.48981
4000 6.48681
7000 6.49316
10000 6.5102
13000 6.50147
16000 6.52049
19000 6.50713
22000 6.51273
25000 6.51161
28000 6.51719
31000 6.53168
34000 6.53442
37000 6.52947
40000 6.55164
43000 6.55472
46000 6.5353
49000 6.54409
52000 6.56128
55000 6.54714
58000 6.57928
61000 6.59741
64000 6.58355
67000 6.58368
70000 6.56442
73000 6.57454
76000 6.58005
79000 6.6012
82000 6.58034
85000 6.63114
88000 6.59499
91000 6.61687
94000 6.59993
97000 6.62586
100000 6.6329
103000 6.60634
106000 6.63765
109000 6.62143
112000 6.60626
115000 6.57948
118000 6.62824
121000 6.64657
124000 6.67247
127000 6.72381
130000 6.64901
133000 6.64469
136000 6.66271
139000 6.65212
142000 6.65964
145000 6.64637
148000 6.64518
151000 6.68381
154000 6.60415
157000 6.67166
160000 6.69807
163000 6.73392
166000 6.70394
169000 6.68443
172000 6.69459
175000 6.72969
178000 6.75325
181000 6.75903
184000 6.71336
187000 6.77856
190000 6.69548
193000 6.6852
196000 6.79366
199000 6.76666
202000 6.79725
205000 6.71989
208000 6.81309
211000 6.78494
214000 6.69072
217000 6.77865
220000 6.81452
223000 6.88686
226000 6.76418
229000 6.77471
232000 6.78073
235000 6.73277
238000 6.85497
241000 6.72901
244000 6.84219
247000 6.86348
250000 6.813
253000 6.75356
256000 6.73606
259000 6.76059
262000 6.75442
265000 6.83
268000 6.90846
271000 7.02562
274000 6.91482
277000 6.83993
280000 6.97736
283000 6.95801
286000 6.84406
289000 6.95853
292000 6.74528
295000 6.85968
298000 6.72407
301000 6.869
304000 6.90048
307000 6.81678
310000 6.85744
313000 6.81727
316000 6.85151
319000 6.96538
322000 6.74808
325000 6.86455
328000 6.82169
331000 6.86521
334000 6.89698
337000 6.92962
340000 6.9347
343000 6.94057
346000 7.0709
349000 7.05437
352000 6.80368
355000 6.94352
358000 6.90711
361000 7.00846
364000 6.98542
367000 6.98693
370000 6.87181
373000 7.0873
376000 7.07488
379000 6.88793
382000 6.91963
385000 6.98328
388000 6.826
391000 6.97537
394000 6.94146
397000 6.80183
400000 6.86302
403000 7.23647
406000 6.86379
409000 6.99877
412000 7.12267
415000 7.01196
418000 7.13469
421000 6.81396
424000 7.01143
427000 6.90725
430000 7.33017
433000 7.03835
436000 6.95967
439000 7.00613
442000 7.00695
445000 6.9562
448000 7.22124
451000 6.82731
454000 6.99661
457000 7.14023
460000 7.1716
463000 6.91516
466000 7.07782
469000 7.11739
472000 7.385
475000 7.14483
478000 7.11925
481000 7.28635
484000 7.19302
487000 7.2088
490000 6.97215
493000 6.9987
496000 7.06391
499000 7.1098
502000 6.87586
505000 6.9944
508000 7.06789
511000 7.09978
514000 7.09765
517000 7.1668
520000 7.04897
523000 7.1363
526000 7.06323
529000 7.33822
532000 6.97313
535000 7.1925
538000 7.42243
541000 7.06664
544000 7.15551
547000 7.09694
550000 7.05354
553000 7.27855
556000 7.28802
559000 7.4291
562000 7.23024
565000 6.94579
568000 7.27088
571000 7.32367
574000 7.02493
577000 7.13999
580000 6.98191
583000 7.27063
586000 7.11113
589000 7.38292
592000 7.12124
595000 7.06802
598000 7.05306
601000 7.45704
604000 7.30652
607000 7.10175
610000 7.16098
613000 7.36582
616000 7.26283
619000 7.10796
622000 7.18696
625000 7.45126
628000 7.24128
631000 7.21291
634000 7.55679
637000 7.6993
640000 7.31178
643000 7.25948
646000 7.23104
649000 7.15232
652000 7.36541
655000 6.99771
658000 7.32469
661000 7.15054
664000 7.28966
667000 7.44204
670000 7.20244
673000 7.31298
676000 7.44235
679000 6.91495
682000 7.14687
685000 7.30958
688000 7.2056
691000 7.32491
694000 7.55389
697000 7.22423
700000 7.52231
703000 7.49557
706000 7.39865
709000 7.47259
712000 7.45782
715000 7.37997
718000 7.6232
721000 7.28138
724000 7.18213
727000 7.31807
730000 7.21911
733000 7.28342
736000 7.39691
739000 7.80374
742000 7.24078
745000 7.16697
748000 7.1595
751000 7.73516
754000 7.31375
757000 7.49224
760000 7.36655
763000 7.37259
766000 7.51873
769000 7.57705
772000 7.54564
775000 7.41662
778000 7.37329
781000 7.64598
784000 7.34765
787000 7.44184
790000 7.53352
793000 7.28537
796000 7.3942
799000 7.56405
802000 7.38175
805000 7.27993
808000 7.50461
811000 7.74681
814000 7.34747
817000 7.6223
820000 7.51928
823000 7.4
826000 7.64369
829000 7.03067
832000 7.22723
835000 7.6135
838000 7.23382
841000 7.58741
844000 7.56628
847000 7.242
850000 7.19327
853000 6.95752
856000 7.30282
859000 7.6987
862000 7.95066
865000 7.33813
868000 7.41749
871000 7.80115
874000 7.19489
877000 7.23959
880000 7.88383
883000 7.3727
886000 7.66591
889000 7.7542
892000 7.22378
895000 7.47804
898000 7.63947
901000 7.38257
904000 7.68151
907000 7.37325
910000 8.03785
913000 7.49689
916000 7.8312
919000 7.74681
922000 7.6457
925000 8.00394
928000 7.91805
931000 7.57343
934000 7.64085
937000 7.66686
940000 7.42041
943000 7.11456
946000 7.77743
949000 8.24584
952000 7.40158
955000 7.8683
958000 7.69813
961000 7.8029
964000 7.80511
967000 7.90927
970000 7.84867
973000 7.53933
976000 7.52182
979000 7.49754
982000 7.82705
985000 7.09549
988000 7.79991
991000 8.26294
994000 7.69972
997000 7.56582
1000000 7.91833
