1000 11.0053
4000 11.0163
7000 11.0444
10000 11.0502
13000 11.0781
16000 11.0831
19000 11.081
22000 11.0988
25000 11.1291
28000 11.1287
31000 11.154
34000 11.1459
37000 11.161
40000 11.2076
43000 11.18
46000 11.2207
49000 11.2149
52000 11.2158
55000 11.2556
58000 11.2416
61000 11.2773
64000 11.2593
67000 11.261
70000 11.2538
73000 11.2861
76000 11.383
79000 11.3217
82000 11.3257
85000 11.3041
88000 11.3193
91000 11.3382
94000 11.3698
97000 11.3648
100000 11.3556
103000 11.3722
106000 11.3713
109000 11.413
112000 11.4177
115000 11.4233
118000 11.4222
121000 11.4647
124000 11.4221
127000 11.4869
130000 11.4663
133000 11.5547
136000 11.4429
139000 11.4885
142000 11.5256
145000 11.5001
148000 11.5322
151000 11.5797
154000 11.5655
157000 11.524
160000 11.5057
163000 11.5746
166000 11.6716
169000 11.6799
172000 11.6504
175000 11.6255
178000 11.6789
181000 11.6621
184000 11.6595
187000 11.6119
190000 11.6398
193000 11.6169
196000 11.6157
199000 11.6725
202000 11.7045
205000 11.7389
208000 11.7819
211000 11.6683
214000 11.8094
217000 11.7827
220000 11.7478
223000 11.7649
226000 11.8711
229000 11.776
232000 11.8053
235000 11.8012
238000 11.8419
241000 11.7897
244000 11.8938
247000 11.86
250000 11.8455
253000 11.991
256000 11.865
259000 11.8842
262000 11.8219
265000 12.0448
268000 11.8803
271000 11.8455
274000 11.8888
277000 11.9186
280000 12.0402
283000 11.9876
286000 12.1226
289000 12.1708
292000 12.0345
295000 12.1077
298000 12.0209
301000 11.9424
304000 11.9297
307000 12.0059
310000 12.1035
313000 12.242
316000 12.0702
319000 12.1961
322000 12.083
325000 12.0885
328000 12.1716
331000 11.9547
334000 12.2463
337000 12.1265
340000 12.2279
343000 12.0654
346000 12.2058
349000 12.181
352000 12.2044
355000 12.2884
358000 12.2583
361000 12.2404
364000 12.3204
367000 12.3267
370000 12.1686
373000 12.1902
376000 12.1599
379000 12.3432
382000 12.2214
385000 12.1937
388000 12.2532
391000 12.3041
394000 12.3104
397000 12.2766
400000 12.3134
403000 12.4584
406000 12.5436
409000 12.2633
412000 12.433
415000 12.5674
418000 12.4668
421000 12.5383
424000 12.4619
427000 12.3698
430000 12.2994
433000 12.5006
436000 12.4677
439000 12.3744
442000 12.4029
445000 12.3802
448000 12.4571
451000 12.4149
454000 12.4322
457000 12.4806
460000 12.5762
463000 12.6049
466000 12.3737
469000 12.3648
472000 12.4447
475000 12.5799
478000 12.5052
481000 12.4613
484000 12.483
487000 12.5198
490000 12.4265
493000 12.6677
496000 12.6761
499000 12.5846
502000 12.7194
505000 12.4502
508000 12.4748
511000 12.5966
514000 12.9791
517000 12.6346
520000 12.8427
523000 12.5642
526000 13.089
529000 12.8313
532000 12.813
535000 12.7526
538000 12.9254
541000 12.6662
544000 12.7634
547000 12.6933
550000 12.6824
553000 12.895
556000 12.7133
559000 13.1739
562000 12.9186
565000 12.9291
568000 12.91
571000 12.8611
574000 12.9182
577000 12.8697
580000 12.8042
583000 12.7559
586000 12.8648
589000 12.7825
592000 12.7834
595000 12.9236
598000 12.8981
601000 13.3096
604000 12.841
607000 13.132
610000 13.0945
613000 13.2554
616000 12.9503
619000 12.7614
622000 12.9828
625000 13.0068
628000 13.1063
631000 12.9848
634000 13.0261
637000 13.2504
640000 13.1627
643000 13.0389
646000 13.1897
649000 13.2991
652000 13.0232
655000 13.0498
658000 13.4124
661000 13.0829
664000 13.0834
667000 13.1801
670000 13.2347
673000 13.1978
676000 13.2516
679000 13.0711
682000 12.9329
685000 12.8126
688000 13.1594
691000 13.7145
694000 13.2539
697000 13.3044
700000 13.1111
703000 13.3827
706000 13.3377
709000 13.3595
712000 13.3034
715000 13.4007
718000 13.1589
721000 13.6356
724000 13.6326
727000 13.4107
730000 13.3835
733000 14.0864
736000 13.4649
739000 13.6288
742000 13.1519
745000 13.2863
748000 13.2131
751000 13.2522
754000 13.4085
757000 13.178
760000 13.2513
763000 13.4359
766000 13.3314
769000 13.0969
772000 13.3608
775000 13.5008
778000 13.6195
781000 13.5723
784000 13.6207
787000 13.647
790000 13.6547
793000 13.6162
796000 14.0171
799000 13.5482
802000 13.5938
805000 14.2294
808000 13.4534
811000 13.6365
814000 13.4217
817000 13.4605
820000 13.4329
823000 13.4441
826000 13.6106
829000 13.589
832000 13.8115
835000 13.7365
838000 14.005
841000 13.8248
844000 13.6622
847000 13.9195
850000 13.6664
853000 13.6811
856000 13.7814
859000 13.6543
862000 14.025
865000 13.8514
868000 13.4197
871000 13.7248
874000 13.7062
877000 13.6817
880000 14.0621
883000 13.668
886000 14.0202
889000 14.1263
892000 13.6962
895000 14.1227
898000 13.4681
901000 13.7482
904000 13.8168
907000 13.6152
910000 14.0508
913000 14.0091
916000 13.7402
919000 13.7085
922000 14.1904
925000 13.6313
928000 13.907
931000 14.0984
934000 13.9305
937000 14.1127
940000 14.2443
943000 13.7729
946000 13.8437
949000 13.744
952000 13.8705
955000 13.9826
958000 14.0607
961000 13.6234
964000 14.0217
967000 14.1464
970000 14.4492
973000 14.7209
976000 14.0829
979000 13.7988
982000 14.2745
985000 14.254
988000 14.142
991000 14.7502
994000 14.2416
997000 13.9776
1000000 14.3357
