1000 11.4352
4000 14.3136
7000 15.4819
10000 16.2269
13000 16.2322
16000 16.2323
19000 16.2423
22000 16.2423
25000 16.2403
28000 16.2451
31000 16.2544
34000 16.2489
37000 16.2537
40000 16.2529
43000 16.2575
46000 16.2601
49000 16.2554
52000 16.2623
55000 16.257
58000 16.2645
61000 16.259
64000 16.2661
67000 16.2644
70000 16.2613
73000 16.2651
76000 16.2672
79000 16.269
82000 16.2692
85000 16.2638
88000 16.271
91000 16.2641
94000 16.2715
97000 16.2737
100000 16.2662
103000 16.2727
106000 16.2744
109000 16.2739
112000 16.2685
115000 16.2747
118000 16.2724
121000 16.2721
124000 16.2709
127000 16.2779
130000 16.278
133000 16.2845
136000 16.2756
139000 16.2813
142000 16.2758
145000 16.2794
148000 16.273
151000 16.2783
154000 16.284
157000 16.2862
160000 16.2869
163000 16.2792
166000 16.2842
169000 16.282
172000 16.2832
175000 16.2833
178000 16.2859
181000 16.2839
184000 16.2853
187000 16.2867
190000 16.2825
193000 16.2916
196000 16.2893
199000 16.2853
202000 16.2903
205000 16.2846
208000 16.2877
211000 16.2889
214000 16.2896
217000 16.2871
220000 16.2914
223000 16.2927
226000 16.2975
229000 16.2895
232000 16.2928
235000 16.296
238000 16.2904
241000 16.2909
244000 16.2922
247000 16.2944
250000 16.2936
253000 16.2896
256000 16.2931
259000 16.2999
262000 16.2923
265000 16.2971
268000 16.2976
271000 16.2926
274000 16.2965
277000 16.2969
280000 16.2973
283000 16.2911
286000 16.3029
289000 16.2973
292000 16.292
295000 16.2977
298000 16.2953
301000 16.3004
304000 16.2969
307000 16.29
310000 16.2929
313000 16.2938
316000 16.2958
319000 16.2984
322000 16.3002
325000 16.298
328000 16.3038
331000 16.3031
334000 16.2977
337000 16.3014
340000 16.3007
343000 16.2973
346000 16.3045
349000 16.2995
352000 16.3015
355000 16.2979
358000 16.3086
361000 16.3075
364000 16.3026
367000 16.2983
370000 16.3049
373000 16.3046
376000 16.3036
379000 16.3028
382000 16.3044
385000 16.3022
388000 16.3004
391000 16.2989
394000 16.3015
397000 16.3044
400000 16.3012
403000 16.2982
406000 16.3071
409000 16.3089
412000 16.3101
415000 16.3025
418000 16.3065
421000 16.3049
424000 16.3014
427000 16.3033
430000 16.305
433000 16.3084
436000 16.3085
439000 16.3037
442000 16.3077
445000 16.3071
448000 16.3065
451000 16.306
454000 16.3086
457000 16.3027
460000 16.3078
463000 16.3075
466000 16.3092
469000 16.3139
472000 16.3083
475000 16.3123
478000 16.3104
481000 16.3086
484000 16.3151
487000 16.3059
490000 16.3088
493000 16.3074
496000 16.3117
499000 16.3069
502000 16.3082
505000 16.3113
508000 16.3099
511000 16.3131
514000 16.3144
517000 16.3042
520000 16.31
523000 16.3074
526000 16.312
529000 16.3131
532000 16.3016
535000 16.3148
538000 16.3117
541000 16.3132
544000 16.3118
547000 16.3086
550000 16.3119
553000 16.3133
556000 16.3189
559000 16.3081
562000 16.3118
565000 16.3162
568000 16.3109
571000 16.3133
574000 16.3103
577000 16.314
580000 16.3179
583000 16.3107
586000 16.3192
589000 16.313
592000 16.3123
595000 16.3085
598000 16.3155
601000 16.313
604000 16.3162
607000 16.3187
610000 16.3177
613000 16.3135
616000 16.3157
619000 16.3192
622000 16.3176
625000 16.3113
628000 16.3074
631000 16.319
634000 16.3249
637000 16.3191
640000 16.3153
643000 16.3136
646000 16.3168
649000 16.3128
652000 16.3202
655000 16.3113
658000 16.3155
661000 16.3133
664000 16.3192
667000 16.3216
670000 16.3201
673000 16.3146
676000 16.3132
679000 16.314
682000 16.3139
685000 16.3184
688000 16.3233
691000 16.3167
694000 16.3167
697000 16.312
700000 16.3184
703000 16.3203
706000 16.3173
709000 16.3132
712000 16.3203
715000 16.313
718000 16.3247
721000 16.3214
724000 16.3215
727000 16.3131
730000 16.3234
733000 16.3247
736000 16.3226
739000 16.3236
742000 16.3137
745000 16.3222
748000 16.3204
751000 16.3192
754000 16.3142
757000 16.3147
760000 16.3202
763000 16.3188
766000 16.3242
769000 16.3221
772000 16.3191
775000 16.3183
778000 16.3265
781000 16.3233
784000 16.3145
787000 16.3243
790000 16.321
793000 16.3203
796000 16.3216
799000 16.3247
802000 16.3217
805000 16.3209
808000 16.3247
811000 16.3206
814000 16.3197
817000 16.3249
820000 16.3228
823000 16.3233
826000 16.3262
829000 16.3228
832000 16.3231
835000 16.3276
838000 16.3215
841000 16.323
844000 16.32
847000 16.3224
850000 16.3202
853000 16.3248
856000 16.3282
859000 16.3261
862000 16.3218
865000 16.3255
868000 16.3306
871000 16.3261
874000 16.3301
877000 16.3326
880000 16.3223
883000 16.3278
886000 16.3253
889000 16.3307
892000 16.3222
895000 16.3299
898000 16.3311
901000 16.3264
904000 16.3268
907000 16.3248
910000 16.3236
913000 16.3271
916000 16.3267
919000 16.3241
922000 16.3279
925000 16.3287
928000 16.3256
931000 16.3253
934000 16.3222
937000 16.3218
940000 16.3243
943000 16.3238
946000 16.3263
949000 16.3248
952000 16.3271
955000 16.3243
958000 16.3247
961000 16.3333
964000 16.3235
967000 16.3221
970000 16.3244
973000 16.3324
976000 16.3279
979000 16.3268
982000 16.3239
985000 16.3259
988000 16.3261
991000 16.3253
994000 16.3226
997000 16.3255
1000000 16.3314
