1000 11.0053
4000 13.75
7000 14.8683
10000 15.5822
13000 16.1093
16000 16.5176
19000 16.8643
22000 17.1594
25000 17.4106
28000 17.6396
31000 17.843
34000 18.0277
37000 18.1973
40000 18.3539
43000 18.4964
46000 18.6355
49000 18.7602
52000 18.8794
55000 18.9905
58000 19.0964
61000 19.1967
64000 19.2971
67000 19.3828
70000 19.473
73000 19.5576
76000 19.6372
79000 19.7137
82000 19.7882
85000 19.8614
88000 19.9313
91000 19.9976
94000 20.0614
97000 20.1255
100000 20.2053
103000 20.2097
106000 20.217
109000 20.2156
112000 20.2212
115000 20.2239
118000 20.2289
121000 20.2279
124000 20.2334
127000 20.2341
130000 20.24
133000 20.2416
136000 20.2442
139000 20.2475
142000 20.2467
145000 20.2491
148000 20.2526
151000 20.2577
154000 20.26
157000 20.2591
160000 20.2654
163000 20.2669
166000 20.2707
169000 20.2643
172000 20.2697
175000 20.2794
178000 20.2815
181000 20.2794
184000 20.2867
187000 20.2826
190000 20.2843
193000 20.2899
196000 20.289
199000 20.2956
202000 20.295
205000 20.296
208000 20.2992
211000 20.3062
214000 20.308
217000 20.3063
220000 20.3102
223000 20.3162
226000 20.3134
229000 20.316
232000 20.3114
235000 20.3236
238000 20.3203
241000 20.3288
244000 20.3282
247000 20.3161
250000 20.3305
253000 20.332
256000 20.3371
259000 20.3349
262000 20.3368
265000 20.344
268000 20.3387
271000 20.3412
274000 20.3386
277000 20.3458
280000 20.3492
283000 20.3449
286000 20.3557
289000 20.3474
292000 20.3513
295000 20.3597
298000 20.3607
301000 20.3703
304000 20.3677
307000 20.3666
310000 20.3682
313000 20.3685
316000 20.3707
319000 20.3717
322000 20.3657
325000 20.3784
328000 20.3725
331000 20.3756
334000 20.3793
337000 20.3901
340000 20.3913
343000 20.3807
346000 20.3854
349000 20.3848
352000 20.404
355000 20.3886
358000 20.4029
361000 20.396
364000 20.3988
367000 20.3969
370000 20.3999
373000 20.4029
376000 20.4014
379000 20.4083
382000 20.4175
385000 20.4012
388000 20.4153
391000 20.4174
394000 20.414
397000 20.4171
400000 20.4251
403000 20.4334
406000 20.4365
409000 20.4208
412000 20.4246
415000 20.4226
418000 20.4247
421000 20.4421
424000 20.4383
427000 20.4333
430000 20.4454
433000 20.4474
436000 20.4383
439000 20.4529
442000 20.4384
445000 20.4509
448000 20.4398
451000 20.447
454000 20.4487
457000 20.4447
460000 20.4483
463000 20.4623
466000 20.4594
469000 20.4575
472000 20.4502
475000 20.457
478000 20.4742
481000 20.4639
484000 20.4764
487000 20.4632
490000 20.4734
493000 20.477
496000 20.4735
499000 20.4739
502000 20.4794
505000 20.4732
508000 20.4755
511000 20.4738
514000 20.4866
517000 20.4879
520000 20.4863
523000 20.4886
526000 20.4703
529000 20.4866
532000 20.5073
535000 20.5033
538000 20.4919
541000 20.4928
544000 20.4903
547000 20.5017
550000 20.5095
553000 20.4936
556000 20.5007
559000 20.5024
562000 20.5027
565000 20.5055
568000 20.5041
571000 20.5202
574000 20.5382
577000 20.5149
580000 20.5237
583000 20.5183
586000 20.5183
589000 20.5309
592000 20.5138
595000 20.5257
598000 20.511
601000 20.541
604000 20.5303
607000 20.5236
610000 20.5233
613000 20.5274
616000 20.538
619000 20.545
622000 20.544
625000 20.548
628000 20.5444
631000 20.5377
634000 20.5491
637000 20.5568
640000 20.5468
643000 20.555
646000 20.5592
649000 20.542
652000 20.542
655000 20.5549
658000 20.5543
661000 20.5467
664000 20.5436
667000 20.569
670000 20.5709
673000 20.5764
676000 20.5502
679000 20.5689
682000 20.5724
685000 20.5582
688000 20.575
691000 20.5667
694000 20.5872
697000 20.5848
700000 20.579
703000 20.5634
706000 20.5659
709000 20.5875
712000 20.5945
715000 20.599
718000 20.5792
721000 20.5829
724000 20.581
727000 20.5874
730000 20.5875
733000 20.597
736000 20.5905
739000 20.6017
742000 20.5907
745000 20.5796
748000 20.6
751000 20.6167
754000 20.6067
757000 20.5918
760000 20.6218
763000 20.5922
766000 20.6156
769000 20.6065
772000 20.6039
775000 20.5947
778000 20.6101
781000 20.6275
784000 20.6205
787000 20.6025
790000 20.6348
793000 20.6357
796000 20.6258
799000 20.6331
802000 20.642
805000 20.6249
808000 20.6335
811000 20.6433
814000 20.6338
817000 20.634
820000 20.6122
823000 20.6496
826000 20.63
829000 20.6307
832000 20.654
835000 20.648
838000 20.6476
841000 20.6205
844000 20.6351
847000 20.6523
850000 20.654
853000 20.6713
856000 20.6382
859000 20.6646
862000 20.6426
865000 20.6353
868000 20.6567
871000 20.6502
874000 20.6491
877000 20.6527
880000 20.6556
883000 20.662
886000 20.6648
889000 20.6699
892000 20.6601
895000 20.6592
898000 20.6689
901000 20.6678
904000 20.6671
907000 20.6579
910000 20.6698
913000 20.6814
916000 20.6608
919000 20.6649
922000 20.679
925000 20.6862
928000 20.6725
931000 20.7029
934000 20.6812
937000 20.6849
940000 20.6766
943000 20.7028
946000 20.6909
949000 20.7052
952000 20.6921
955000 20.688
958000 20.6896
961000 20.6984
964000 20.6996
967000 20.6851
970000 20.6938
973000 20.7443
976000 20.688
979000 20.716
982000 20.6898
985000 20.7155
988000 20.704
991000 20.7213
994000 20.7065
997000 20.7218
1000000 20.7242
