1000 6.70952
4000 6.70651
7000 6.70704
10000 6.71954
13000 6.7081
16000 6.72344
19000 6.7126
22000 6.71388
25000 6.70667
28000 6.70329
31000 6.72242
34000 6.71847
37000 6.71401
40000 6.72822
43000 6.72029
46000 6.7057
49000 6.70639
52000 6.72793
55000 6.71775
58000 6.71952
61000 6.73151
64000 6.72424
67000 6.71663
70000 6.70526
73000 6.70562
76000 6.72327
79000 6.71568
82000 6.7178
85000 6.71977
88000 6.71223
91000 6.7156
94000 6.71674
97000 6.7217
100000 6.73432
103000 6.73698
106000 6.717
109000 6.72072
112000 6.72656
115000 6.71
118000 6.71642
121000 6.72004
124000 6.72265
127000 6.71332
130000 6.72013
133000 6.72281
136000 6.71088
139000 6.71942
142000 6.71114
145000 6.7166
148000 6.71662
151000 6.72347
154000 6.71303
157000 6.71867
160000 6.73468
163000 6.73107
166000 6.72113
169000 6.72575
172000 6.72531
175000 6.7255
178000 6.73201
181000 6.72915
184000 6.71538
187000 6.72497
190000 6.72424
193000 6.70746
196000 6.71826
199000 6.70776
202000 6.71836
205000 6.73993
208000 6.71975
211000 6.71269
214000 6.72275
217000 6.71453
220000 6.71845
223000 6.73261
226000 6.7368
229000 6.71912
232000 6.72099
235000 6.73301
238000 6.71996
241000 6.72311
244000 6.70003
247000 6.71352
250000 6.71559
253000 6.71261
256000 6.72931
259000 6.72415
262000 6.72683
265000 6.72018
268000 6.72741
271000 6.73031
274000 6.71946
277000 6.72408
280000 6.71806
283000 6.70789
286000 6.73596
289000 6.73591
292000 6.72496
295000 6.71814
298000 6.71218
301000 6.72192
304000 6.72917
307000 6.72161
310000 6.72076
313000 6.71948
316000 6.71779
319000 6.71801
322000 6.72965
325000 6.72234
328000 6.7288
331000 6.72488
334000 6.71542
337000 6.73346
340000 6.71202
343000 6.72358
346000 6.73295
349000 6.72772
352000 6.723
355000 6.72285
358000 6.73435
361000 6.72897
364000 6.72813
367000 6.73748
370000 6.73507
373000 6.73754
376000 6.72386
379000 6.72643
382000 6.72757
385000 6.7315
388000 6.73228
391000 6.72421
394000 6.71511
397000 6.72652
400000 6.71637
403000 6.71797
406000 6.72608
409000 6.71976
412000 6.74122
415000 6.72279
418000 6.7203
421000 6.71558
424000 6.73671
427000 6.72357
430000 6.71268
433000 6.73331
436000 6.72663
439000 6.72574
442000 6.72643
445000 6.71687
448000 6.729
451000 6.71433
454000 6.72162
457000 6.71133
460000 6.73748
463000 6.72353
466000 6.72853
469000 6.71808
472000 6.71786
475000 6.73794
478000 6.73175
481000 6.73217
484000 6.72708
487000 6.71515
490000 6.72562
493000 6.72148
496000 6.72462
499000 6.71908
502000 6.74003
505000 6.74025
508000 6.73234
511000 6.73389
514000 6.72667
517000 6.71194
520000 6.72923
523000 6.71934
526000 6.7201
529000 6.7318
532000 6.7217
535000 6.73178
538000 6.7223
541000 6.72265
544000 6.73919
547000 6.72308
550000 6.72937
553000 6.72261
556000 6.73632
559000 6.73047
562000 6.74119
565000 6.71081
568000 6.74505
571000 6.73705
574000 6.71682
577000 6.72486
580000 6.72446
583000 6.73146
586000 6.71
589000 6.72756
592000 6.7312
595000 6.72961
598000 6.72638
601000 6.72193
604000 6.74202
607000 6.74298
610000 6.7339
613000 6.72228
616000 6.71444
619000 6.74013
622000 6.71959
625000 6.71504
628000 6.72429
631000 6.73775
634000 6.72587
637000 6.72183
640000 6.7244
643000 6.73468
646000 6.71985
649000 6.7281
652000 6.7128
655000 6.71934
658000 6.73971
661000 6.72747
664000 6.71073
667000 6.7202
670000 6.72513
673000 6.7203
676000 6.73531
679000 6.72255
682000 6.73907
685000 6.72666
688000 6.72495
691000 6.72918
694000 6.71742
697000 6.7232
700000 6.71745
703000 6.72503
706000 6.73774
709000 6.72182
712000 6.73177
715000 6.73341
718000 6.73
721000 6.7302
724000 6.73085
727000 6.72447
730000 6.72082
733000 6.72231
736000 6.72783
739000 6.72234
742000 6.73803
745000 6.74344
748000 6.72997
751000 6.71965
754000 6.73694
757000 6.73381
760000 6.73193
763000 6.72054
766000 6.72857
769000 6.73673
772000 6.73098
775000 6.73069
778000 6.73642
781000 6.71487
784000 6.71981
787000 6.72291
790000 6.73398
793000 6.72955
796000 6.70975
799000 6.73027
802000 6.74277
805000 6.72557
808000 6.73483
811000 6.72609
814000 6.71757
817000 6.72646
820000 6.75222
823000 6.75396
826000 6.72081
829000 6.72831
832000 6.73311
835000 6.73061
838000 6.73112
841000 6.74345
844000 6.73689
847000 6.74825
850000 6.72699
853000 6.72907
856000 6.71899
859000 6.73261
862000 6.76006
865000 6.73122
868000 6.72632
871000 6.73594
874000 6.72771
877000 6.72644
880000 6.73273
883000 6.73801
886000 6.73085
889000 6.71601
892000 6.72175
895000 6.733
898000 6.74088
901000 6.73396
904000 6.74084
907000 6.72498
910000 6.73523
913000 6.72871
916000 6.72406
919000 6.72477
922000 6.73813
925000 6.73066
928000 6.73029
931000 6.7161
934000 6.72933
937000 6.724
940000 6.7388
943000 6.73503
946000 6.73224
949000 6.72303
952000 6.7329
955000 6.72884
958000 6.73344
961000 6.72528
964000 6.71623
967000 6.7287
970000 6.72249
973000 6.73079
976000 6.73837
979000 6.72373
982000 6.73537
985000 6.72879
988000 6.72619
991000 6.74145
994000 6.72968
997000 6.7273
1000000 6.73306
