1000 2.4446
4000 2.4583
7000 2.5088
10000 2.4608
13000 2.4655
16000 2.4775
19000 2.4953
22000 2.5774
25000 2.5071
28000 2.5058
31000 2.4888
34000 2.6159
37000 2.5696
40000 2.5831
43000 2.5466
46000 2.6619
49000 2.5579
52000 2.534
55000 2.5431
58000 2.628
61000 2.45
64000 2.6827
67000 2.53
70000 2.4802
73000 2.7925
76000 2.5157
79000 2.4738
82000 2.5573
85000 3.1255
88000 2.7882
91000 2.4859
94000 2.5655
97000 2.5366
100000 2.7579
103000 2.5781
106000 2.5051
109000 2.549
112000 2.4515
115000 2.7514
118000 2.6594
121000 2.9776
124000 2.7729
127000 3.0167
130000 2.8525
133000 2.745
136000 2.4576
139000 2.7264
142000 2.9025
145000 2.9259
148000 2.4839
151000 2.7887
154000 2.9302
157000 3.2472
160000 2.5065
163000 2.8827
166000 2.8077
169000 2.6381
172000 2.9032
175000 2.4656
178000 3.004
181000 3.2999
184000 2.883
187000 3.535
190000 2.4789
193000 2.4814
196000 2.8869
199000 2.9155
202000 2.8907
205000 3.4646
208000 3.2937
211000 2.7257
214000 2.4557
217000 3.1071
220000 3.1557
223000 2.7197
226000 2.4799
229000 3.0764
232000 3.211
235000 3.2458
238000 2.4905
241000 2.6634
244000 4.0207
247000 3.3573
250000 2.9635
253000 3.7753
256000 2.5934
259000 3.5454
262000 3.1856
265000 3.6745
268000 2.7428
271000 2.5182
274000 3.5906
277000 2.7849
280000 2.4657
283000 3.6302
286000 2.458
289000 3.2744
292000 2.4571
295000 3.8467
298000 2.9851
301000 2.7279
304000 3.6891
307000 2.876
310000 3.2045
313000 3.6941
316000 3.9302
319000 3.2483
322000 2.9746
325000 2.4908
328000 2.7134
331000 3.8407
334000 2.4964
337000 4.5203
340000 5.0257
343000 3.1275
346000 2.8329
349000 3.8772
352000 2.4687
355000 2.5433
358000 3.1311
361000 2.7258
364000 2.8358
367000 3.3271
370000 2.6937
373000 4.3657
376000 3.2119
379000 3.3018
382000 3.4037
385000 2.956
388000 4.6776
391000 3.8137
394000 2.5035
397000 3.6488
400000 4.7129
403000 3.4122
406000 4.0511
409000 2.8778
412000 2.9849
415000 3.8015
418000 3.373
421000 3.8537
424000 3.1271
427000 3.2647
430000 4.1418
433000 2.4467
436000 2.5997
439000 4.9578
442000 2.7673
445000 3.663
448000 2.6314
451000 3.4824
454000 2.7534
457000 4.4617
460000 2.7217
463000 3.8183
466000 4.4691
469000 3.4073
472000 5.6091
475000 3.5858
478000 4.0738
481000 2.8437
484000 2.6086
487000 2.4471
490000 2.4687
493000 3.5714
496000 2.4751
499000 3.6687
502000 3.7038
505000 3.4405
508000 4.3434
511000 3.4341
514000 3.5469
517000 3.7588
520000 3.5473
523000 3.5224
526000 3.8859
529000 4.0597
532000 2.553
535000 5.6876
538000 2.4737
541000 2.6411
544000 6.1818
547000 4.7832
550000 2.4895
553000 4.1015
556000 2.4664
559000 3.402
562000 3.8988
565000 3.7877
568000 3.1412
571000 3.7009
574000 3.7377
577000 3.3917
580000 4.6406
583000 3.7548
586000 3.0322
589000 2.9535
592000 3.3449
595000 2.8744
598000 5.0723
601000 3.136
604000 5.5172
607000 3.8334
610000 4.0718
613000 3.3567
616000 4.0164
619000 5.7998
622000 3.7837
625000 4.6644
628000 3.3482
631000 4.2825
634000 3.9941
637000 3.8098
640000 3.7071
643000 3.7712
646000 5.2565
649000 3.2987
652000 2.7765
655000 3.8915
658000 2.6092
661000 3.1701
664000 3.9417
667000 3.5929
670000 3.4578
673000 3.245
676000 3.777
679000 2.4782
682000 4.8983
685000 4.4954
688000 4.0472
691000 2.4578
694000 5.7573
697000 3.7194
700000 2.5894
703000 4.5979
706000 3.7048
709000 2.942
712000 6.209
715000 3.609
718000 3.3972
721000 2.6323
724000 2.9133
727000 4.0066
730000 2.4723
733000 4.6556
736000 3.6056
739000 5.5103
742000 3.5897
745000 4.1638
748000 2.4645
751000 3.999
754000 3.5073
757000 3.3669
760000 3.0438
763000 3.6028
766000 3.5397
769000 4.8412
772000 2.4722
775000 6.0016
778000 3.6202
781000 3.6876
784000 3.6983
787000 6.7847
790000 4.3373
793000 2.4423
796000 5.9623
799000 2.464
802000 5.1398
805000 3.2542
808000 5.0777
811000 8.692
814000 8.7995
817000 2.5818
820000 6.0693
823000 4.6337
826000 4.6864
829000 3.4635
832000 3.0062
835000 3.7872
838000 2.4875
841000 6.2275
844000 5.8116
847000 6.1126
850000 2.8895
853000 5.3472
856000 3.5159
859000 6.6845
862000 6.6924
865000 4.0791
868000 5.1555
871000 2.7749
874000 3.0741
877000 4.7997
880000 6.2199
883000 2.7419
886000 3.8981
889000 2.4657
892000 5.2404
895000 2.5818
898000 4.2102
901000 4.5906
904000 3.4986
907000 3.2323
910000 5.7375
913000 5.4421
916000 5.9943
919000 2.844
922000 3.8946
925000 5.1231
928000 4.6656
931000 6.183
934000 4.215
937000 4.0073
940000 3.2938
943000 2.5709
946000 2.4674
949000 3.5388
952000 3.1419
955000 6.1018
958000 3.1611
961000 4.63
964000 2.4862
967000 4.8126
970000 2.9144
973000 5.7702
976000 4.7109
979000 2.4665
982000 2.8821
985000 4.1995
988000 6.4423
991000 3.9118
994000 4.9313
997000 3.4251
1000000 2.4698
